[20-Apr-2018 16:07:27 UTC] PHP Parse error:  syntax error, unexpected end of file in /home/ubuntu/workspace/main/app/Http/routes.php on line 33
[20-Apr-2018 16:07:27 UTC] PHP Stack trace:
[20-Apr-2018 16:07:27 UTC] PHP   1. {main}() /home/ubuntu/workspace/main/public/index.php:0
[20-Apr-2018 16:07:27 UTC] PHP   2. Illuminate\Foundation\Http\Kernel->handle() /home/ubuntu/workspace/main/public/index.php:54
[20-Apr-2018 16:07:27 UTC] PHP   3. Illuminate\Foundation\Http\Kernel->sendRequestThroughRouter() /home/ubuntu/workspace/main/vendor/laravel/framework/src/Illuminate/Foundation/Http/Kernel.php:99
[20-Apr-2018 16:07:27 UTC] PHP   4. Illuminate\Foundation\Http\Kernel->bootstrap() /home/ubuntu/workspace/main/vendor/laravel/framework/src/Illuminate/Foundation/Http/Kernel.php:127
[20-Apr-2018 16:07:27 UTC] PHP   5. Illuminate\Foundation\Application->bootstrapWith() /home/ubuntu/workspace/main/vendor/laravel/framework/src/Illuminate/Foundation/Http/Kernel.php:232
[20-Apr-2018 16:07:27 UTC] PHP   6. Illuminate\Foundation\Bootstrap\BootProviders->bootstrap() /home/ubuntu/workspace/main/vendor/laravel/framework/src/Illuminate/Foundation/Application.php:203
[20-Apr-2018 16:07:27 UTC] PHP   7. Illuminate\Foundation\Application->boot() /home/ubuntu/workspace/main/vendor/laravel/framework/src/Illuminate/Foundation/Bootstrap/BootProviders.php:17
[20-Apr-2018 16:07:27 UTC] PHP   8. array_walk() /home/ubuntu/workspace/main/vendor/laravel/framework/src/Illuminate/Foundation/Application.php:741
[20-Apr-2018 16:07:27 UTC] PHP   9. Illuminate\Foundation\Application->Illuminate\Foundation\{closure}() /home/ubuntu/workspace/main/vendor/laravel/framework/src/Illuminate/Foundation/Application.php:741
[20-Apr-2018 16:07:27 UTC] PHP  10. Illuminate\Foundation\Application->bootProvider() /home/ubuntu/workspace/main/vendor/laravel/framework/src/Illuminate/Foundation/Application.php:740
[20-Apr-2018 16:07:27 UTC] PHP  11. Illuminate\Container\Container->call() /home/ubuntu/workspace/main/vendor/laravel/framework/src/Illuminate/Foundation/Application.php:757
[20-Apr-2018 16:07:27 UTC] PHP  12. call_user_func_array:{/home/ubuntu/workspace/main/vendor/laravel/framework/src/Illuminate/Container/Container.php:507}() /home/ubuntu/workspace/main/vendor/laravel/framework/src/Illuminate/Container/Container.php:507
[20-Apr-2018 16:07:27 UTC] PHP  13. App\Providers\RouteServiceProvider->boot() /home/ubuntu/workspace/main/vendor/laravel/framework/src/Illuminate/Container/Container.php:507
[20-Apr-2018 16:07:27 UTC] PHP  14. Illuminate\Foundation\Support\Providers\RouteServiceProvider->boot() /home/ubuntu/workspace/main/app/Providers/RouteServiceProvider.php:29
[20-Apr-2018 16:07:27 UTC] PHP  15. Illuminate\Foundation\Support\Providers\RouteServiceProvider->loadRoutes() /home/ubuntu/workspace/main/vendor/laravel/framework/src/Illuminate/Foundation/Support/Providers/RouteServiceProvider.php:31
[20-Apr-2018 16:07:27 UTC] PHP  16. Illuminate\Container\Container->call() /home/ubuntu/workspace/main/vendor/laravel/framework/src/Illuminate/Foundation/Support/Providers/RouteServiceProvider.php:72
[20-Apr-2018 16:07:27 UTC] PHP  17. call_user_func_array:{/home/ubuntu/workspace/main/vendor/laravel/framework/src/Illuminate/Container/Container.php:507}() /home/ubuntu/workspace/main/vendor/laravel/framework/src/Illuminate/Container/Container.php:507
[20-Apr-2018 16:07:27 UTC] PHP  18. App\Providers\RouteServiceProvider->map() /home/ubuntu/workspace/main/vendor/laravel/framework/src/Illuminate/Container/Container.php:507
[20-Apr-2018 16:07:27 UTC] PHP  19. App\Providers\RouteServiceProvider->mapWebRoutes() /home/ubuntu/workspace/main/app/Providers/RouteServiceProvider.php:40
[20-Apr-2018 16:07:27 UTC] PHP  20. Illuminate\Routing\Router->group() /home/ubuntu/workspace/main/app/Providers/RouteServiceProvider.php:59
[20-Apr-2018 16:07:27 UTC] PHP  21. call_user_func:{/home/ubuntu/workspace/main/vendor/laravel/framework/src/Illuminate/Routing/Router.php:398}() /home/ubuntu/workspace/main/vendor/laravel/framework/src/Illuminate/Routing/Router.php:398
[20-Apr-2018 16:07:27 UTC] PHP  22. App\Providers\RouteServiceProvider->App\Providers\{closure}() /home/ubuntu/workspace/main/vendor/laravel/framework/src/Illuminate/Routing/Router.php:398
[20-Apr-2018 16:08:06 UTC] PHP Parse error:  syntax error, unexpected end of file in /home/ubuntu/workspace/main/app/Http/routes.php on line 33
[20-Apr-2018 16:08:06 UTC] PHP Stack trace:
[20-Apr-2018 16:08:06 UTC] PHP   1. {main}() /home/ubuntu/workspace/main/public/index.php:0
[20-Apr-2018 16:08:06 UTC] PHP   2. Illuminate\Foundation\Http\Kernel->handle() /home/ubuntu/workspace/main/public/index.php:54
[20-Apr-2018 16:08:06 UTC] PHP   3. Illuminate\Foundation\Http\Kernel->sendRequestThroughRouter() /home/ubuntu/workspace/main/vendor/laravel/framework/src/Illuminate/Foundation/Http/Kernel.php:99
[20-Apr-2018 16:08:06 UTC] PHP   4. Illuminate\Foundation\Http\Kernel->bootstrap() /home/ubuntu/workspace/main/vendor/laravel/framework/src/Illuminate/Foundation/Http/Kernel.php:127
[20-Apr-2018 16:08:06 UTC] PHP   5. Illuminate\Foundation\Application->bootstrapWith() /home/ubuntu/workspace/main/vendor/laravel/framework/src/Illuminate/Foundation/Http/Kernel.php:232
[20-Apr-2018 16:08:06 UTC] PHP   6. Illuminate\Foundation\Bootstrap\BootProviders->bootstrap() /home/ubuntu/workspace/main/vendor/laravel/framework/src/Illuminate/Foundation/Application.php:203
[20-Apr-2018 16:08:06 UTC] PHP   7. Illuminate\Foundation\Application->boot() /home/ubuntu/workspace/main/vendor/laravel/framework/src/Illuminate/Foundation/Bootstrap/BootProviders.php:17
[20-Apr-2018 16:08:06 UTC] PHP   8. array_walk() /home/ubuntu/workspace/main/vendor/laravel/framework/src/Illuminate/Foundation/Application.php:741
[20-Apr-2018 16:08:06 UTC] PHP   9. Illuminate\Foundation\Application->Illuminate\Foundation\{closure}() /home/ubuntu/workspace/main/vendor/laravel/framework/src/Illuminate/Foundation/Application.php:741
[20-Apr-2018 16:08:06 UTC] PHP  10. Illuminate\Foundation\Application->bootProvider() /home/ubuntu/workspace/main/vendor/laravel/framework/src/Illuminate/Foundation/Application.php:740
[20-Apr-2018 16:08:06 UTC] PHP  11. Illuminate\Container\Container->call() /home/ubuntu/workspace/main/vendor/laravel/framework/src/Illuminate/Foundation/Application.php:757
[20-Apr-2018 16:08:06 UTC] PHP  12. call_user_func_array:{/home/ubuntu/workspace/main/vendor/laravel/framework/src/Illuminate/Container/Container.php:507}() /home/ubuntu/workspace/main/vendor/laravel/framework/src/Illuminate/Container/Container.php:507
[20-Apr-2018 16:08:06 UTC] PHP  13. App\Providers\RouteServiceProvider->boot() /home/ubuntu/workspace/main/vendor/laravel/framework/src/Illuminate/Container/Container.php:507
[20-Apr-2018 16:08:06 UTC] PHP  14. Illuminate\Foundation\Support\Providers\RouteServiceProvider->boot() /home/ubuntu/workspace/main/app/Providers/RouteServiceProvider.php:29
[20-Apr-2018 16:08:06 UTC] PHP  15. Illuminate\Foundation\Support\Providers\RouteServiceProvider->loadRoutes() /home/ubuntu/workspace/main/vendor/laravel/framework/src/Illuminate/Foundation/Support/Providers/RouteServiceProvider.php:31
[20-Apr-2018 16:08:06 UTC] PHP  16. Illuminate\Container\Container->call() /home/ubuntu/workspace/main/vendor/laravel/framework/src/Illuminate/Foundation/Support/Providers/RouteServiceProvider.php:72
[20-Apr-2018 16:08:06 UTC] PHP  17. call_user_func_array:{/home/ubuntu/workspace/main/vendor/laravel/framework/src/Illuminate/Container/Container.php:507}() /home/ubuntu/workspace/main/vendor/laravel/framework/src/Illuminate/Container/Container.php:507
[20-Apr-2018 16:08:06 UTC] PHP  18. App\Providers\RouteServiceProvider->map() /home/ubuntu/workspace/main/vendor/laravel/framework/src/Illuminate/Container/Container.php:507
[20-Apr-2018 16:08:06 UTC] PHP  19. App\Providers\RouteServiceProvider->mapWebRoutes() /home/ubuntu/workspace/main/app/Providers/RouteServiceProvider.php:40
[20-Apr-2018 16:08:06 UTC] PHP  20. Illuminate\Routing\Router->group() /home/ubuntu/workspace/main/app/Providers/RouteServiceProvider.php:59
[20-Apr-2018 16:08:06 UTC] PHP  21. call_user_func:{/home/ubuntu/workspace/main/vendor/laravel/framework/src/Illuminate/Routing/Router.php:398}() /home/ubuntu/workspace/main/vendor/laravel/framework/src/Illuminate/Routing/Router.php:398
[20-Apr-2018 16:08:06 UTC] PHP  22. App\Providers\RouteServiceProvider->App\Providers\{closure}() /home/ubuntu/workspace/main/vendor/laravel/framework/src/Illuminate/Routing/Router.php:398
[20-Apr-2018 16:09:38 UTC] PHP Parse error:  syntax error, unexpected '}' in /home/ubuntu/workspace/main/storage/framework/views/bb2648d311d11e0710f261f2cd10131b3baf965e.php on line 25
[20-Apr-2018 16:09:38 UTC] PHP Stack trace:
[20-Apr-2018 16:09:38 UTC] PHP   1. {main}() /home/ubuntu/workspace/main/public/index.php:0
[20-Apr-2018 16:09:38 UTC] PHP   2. Illuminate\Foundation\Http\Kernel->handle() /home/ubuntu/workspace/main/public/index.php:54
[20-Apr-2018 16:09:38 UTC] PHP   3. Illuminate\Foundation\Http\Kernel->sendRequestThroughRouter() /home/ubuntu/workspace/main/vendor/laravel/framework/src/Illuminate/Foundation/Http/Kernel.php:99
[20-Apr-2018 16:09:38 UTC] PHP   4. Illuminate\Pipeline\Pipeline->then() /home/ubuntu/workspace/main/vendor/laravel/framework/src/Illuminate/Foundation/Http/Kernel.php:132
[20-Apr-2018 16:09:38 UTC] PHP   5. call_user_func:{/home/ubuntu/workspace/main/vendor/laravel/framework/src/Illuminate/Pipeline/Pipeline.php:103}() /home/ubuntu/workspace/main/vendor/laravel/framework/src/Illuminate/Pipeline/Pipeline.php:103
[20-Apr-2018 16:09:38 UTC] PHP   6. Illuminate\Routing\Pipeline->Illuminate\Routing\{closure}() /home/ubuntu/workspace/main/vendor/laravel/framework/src/Illuminate/Pipeline/Pipeline.php:103
[20-Apr-2018 16:09:38 UTC] PHP   7. call_user_func:{/home/ubuntu/workspace/main/vendor/laravel/framework/src/Illuminate/Routing/Pipeline.php:32}() /home/ubuntu/workspace/main/vendor/laravel/framework/src/Illuminate/Routing/Pipeline.php:32
[20-Apr-2018 16:09:38 UTC] PHP   8. Illuminate\Pipeline\Pipeline->Illuminate\Pipeline\{closure}() /home/ubuntu/workspace/main/vendor/laravel/framework/src/Illuminate/Routing/Pipeline.php:32
[20-Apr-2018 16:09:38 UTC] PHP   9. call_user_func_array:{/home/ubuntu/workspace/main/vendor/laravel/framework/src/Illuminate/Pipeline/Pipeline.php:136}() /home/ubuntu/workspace/main/vendor/laravel/framework/src/Illuminate/Pipeline/Pipeline.php:136
[20-Apr-2018 16:09:38 UTC] PHP  10. Illuminate\Foundation\Http\Middleware\CheckForMaintenanceMode->handle() /home/ubuntu/workspace/main/vendor/laravel/framework/src/Illuminate/Pipeline/Pipeline.php:136
[20-Apr-2018 16:09:38 UTC] PHP  11. Illuminate\Routing\Pipeline->Illuminate\Routing\{closure}() /home/ubuntu/workspace/main/vendor/laravel/framework/src/Illuminate/Foundation/Http/Middleware/CheckForMaintenanceMode.php:44
[20-Apr-2018 16:09:38 UTC] PHP  12. call_user_func:{/home/ubuntu/workspace/main/vendor/laravel/framework/src/Illuminate/Routing/Pipeline.php:52}() /home/ubuntu/workspace/main/vendor/laravel/framework/src/Illuminate/Routing/Pipeline.php:52
[20-Apr-2018 16:09:38 UTC] PHP  13. Illuminate\Foundation\Http\Kernel->Illuminate\Foundation\Http\{closure}() /home/ubuntu/workspace/main/vendor/laravel/framework/src/Illuminate/Routing/Pipeline.php:52
[20-Apr-2018 16:09:38 UTC] PHP  14. Illuminate\Routing\Router->dispatch() /home/ubuntu/workspace/main/vendor/laravel/framework/src/Illuminate/Foundation/Http/Kernel.php:246
[20-Apr-2018 16:09:38 UTC] PHP  15. Illuminate\Routing\Router->dispatchToRoute() /home/ubuntu/workspace/main/vendor/laravel/framework/src/Illuminate/Routing/Router.php:675
[20-Apr-2018 16:09:38 UTC] PHP  16. Illuminate\Routing\Router->runRouteWithinStack() /home/ubuntu/workspace/main/vendor/laravel/framework/src/Illuminate/Routing/Router.php:699
[20-Apr-2018 16:09:38 UTC] PHP  17. Illuminate\Pipeline\Pipeline->then() /home/ubuntu/workspace/main/vendor/laravel/framework/src/Illuminate/Routing/Router.php:726
[20-Apr-2018 16:09:38 UTC] PHP  18. call_user_func:{/home/ubuntu/workspace/main/vendor/laravel/framework/src/Illuminate/Pipeline/Pipeline.php:103}() /home/ubuntu/workspace/main/vendor/laravel/framework/src/Illuminate/Pipeline/Pipeline.php:103
[20-Apr-2018 16:09:38 UTC] PHP  19. Illuminate\Routing\Pipeline->Illuminate\Routing\{closure}() /home/ubuntu/workspace/main/vendor/laravel/framework/src/Illuminate/Pipeline/Pipeline.php:103
[20-Apr-2018 16:09:38 UTC] PHP  20. call_user_func:{/home/ubuntu/workspace/main/vendor/laravel/framework/src/Illuminate/Routing/Pipeline.php:32}() /home/ubuntu/workspace/main/vendor/laravel/framework/src/Illuminate/Routing/Pipeline.php:32
[20-Apr-2018 16:09:38 UTC] PHP  21. Illuminate\Pipeline\Pipeline->Illuminate\Pipeline\{closure}() /home/ubuntu/workspace/main/vendor/laravel/framework/src/Illuminate/Routing/Pipeline.php:32
[20-Apr-2018 16:09:38 UTC] PHP  22. call_user_func_array:{/home/ubuntu/workspace/main/vendor/laravel/framework/src/Illuminate/Pipeline/Pipeline.php:136}() /home/ubuntu/workspace/main/vendor/laravel/framework/src/Illuminate/Pipeline/Pipeline.php:136
[20-Apr-2018 16:09:38 UTC] PHP  23. Illuminate\Cookie\Middleware\EncryptCookies->handle() /home/ubuntu/workspace/main/vendor/laravel/framework/src/Illuminate/Pipeline/Pipeline.php:136
[20-Apr-2018 16:09:38 UTC] PHP  24. Illuminate\Routing\Pipeline->Illuminate\Routing\{closure}() /home/ubuntu/workspace/main/vendor/laravel/framework/src/Illuminate/Cookie/Middleware/EncryptCookies.php:59
[20-Apr-2018 16:09:38 UTC] PHP  25. call_user_func:{/home/ubuntu/workspace/main/vendor/laravel/framework/src/Illuminate/Routing/Pipeline.php:32}() /home/ubuntu/workspace/main/vendor/laravel/framework/src/Illuminate/Routing/Pipeline.php:32
[20-Apr-2018 16:09:38 UTC] PHP  26. Illuminate\Pipeline\Pipeline->Illuminate\Pipeline\{closure}() /home/ubuntu/workspace/main/vendor/laravel/framework/src/Illuminate/Routing/Pipeline.php:32
[20-Apr-2018 16:09:38 UTC] PHP  27. call_user_func_array:{/home/ubuntu/workspace/main/vendor/laravel/framework/src/Illuminate/Pipeline/Pipeline.php:136}() /home/ubuntu/workspace/main/vendor/laravel/framework/src/Illuminate/Pipeline/Pipeline.php:136
[20-Apr-2018 16:09:38 UTC] PHP  28. Illuminate\Cookie\Middleware\AddQueuedCookiesToResponse->handle() /home/ubuntu/workspace/main/vendor/laravel/framework/src/Illuminate/Pipeline/Pipeline.php:136
[20-Apr-2018 16:09:38 UTC] PHP  29. Illuminate\Routing\Pipeline->Illuminate\Routing\{closure}() /home/ubuntu/workspace/main/vendor/laravel/framework/src/Illuminate/Cookie/Middleware/AddQueuedCookiesToResponse.php:37
[20-Apr-2018 16:09:38 UTC] PHP  30. call_user_func:{/home/ubuntu/workspace/main/vendor/laravel/framework/src/Illuminate/Routing/Pipeline.php:32}() /home/ubuntu/workspace/main/vendor/laravel/framework/src/Illuminate/Routing/Pipeline.php:32
[20-Apr-2018 16:09:38 UTC] PHP  31. Illuminate\Pipeline\Pipeline->Illuminate\Pipeline\{closure}() /home/ubuntu/workspace/main/vendor/laravel/framework/src/Illuminate/Routing/Pipeline.php:32
[20-Apr-2018 16:09:38 UTC] PHP  32. call_user_func_array:{/home/ubuntu/workspace/main/vendor/laravel/framework/src/Illuminate/Pipeline/Pipeline.php:136}() /home/ubuntu/workspace/main/vendor/laravel/framework/src/Illuminate/Pipeline/Pipeline.php:136
[20-Apr-2018 16:09:38 UTC] PHP  33. Illuminate\Session\Middleware\StartSession->handle() /home/ubuntu/workspace/main/vendor/laravel/framework/src/Illuminate/Pipeline/Pipeline.php:136
[20-Apr-2018 16:09:38 UTC] PHP  34. Illuminate\Routing\Pipeline->Illuminate\Routing\{closure}() /home/ubuntu/workspace/main/vendor/laravel/framework/src/Illuminate/Session/Middleware/StartSession.php:64
[20-Apr-2018 16:09:38 UTC] PHP  35. call_user_func:{/home/ubuntu/workspace/main/vendor/laravel/framework/src/Illuminate/Routing/Pipeline.php:32}() /home/ubuntu/workspace/main/vendor/laravel/framework/src/Illuminate/Routing/Pipeline.php:32
[20-Apr-2018 16:09:38 UTC] PHP  36. Illuminate\Pipeline\Pipeline->Illuminate\Pipeline\{closure}() /home/ubuntu/workspace/main/vendor/laravel/framework/src/Illuminate/Routing/Pipeline.php:32
[20-Apr-2018 16:09:38 UTC] PHP  37. call_user_func_array:{/home/ubuntu/workspace/main/vendor/laravel/framework/src/Illuminate/Pipeline/Pipeline.php:136}() /home/ubuntu/workspace/main/vendor/laravel/framework/src/Illuminate/Pipeline/Pipeline.php:136
[20-Apr-2018 16:09:38 UTC] PHP  38. Illuminate\View\Middleware\ShareErrorsFromSession->handle() /home/ubuntu/workspace/main/vendor/laravel/framework/src/Illuminate/Pipeline/Pipeline.php:136
[20-Apr-2018 16:09:38 UTC] PHP  39. Illuminate\Routing\Pipeline->Illuminate\Routing\{closure}() /home/ubuntu/workspace/main/vendor/laravel/framework/src/Illuminate/View/Middleware/ShareErrorsFromSession.php:49
[20-Apr-2018 16:09:38 UTC] PHP  40. call_user_func:{/home/ubuntu/workspace/main/vendor/laravel/framework/src/Illuminate/Routing/Pipeline.php:32}() /home/ubuntu/workspace/main/vendor/laravel/framework/src/Illuminate/Routing/Pipeline.php:32
[20-Apr-2018 16:09:38 UTC] PHP  41. Illuminate\Pipeline\Pipeline->Illuminate\Pipeline\{closure}() /home/ubuntu/workspace/main/vendor/laravel/framework/src/Illuminate/Routing/Pipeline.php:32
[20-Apr-2018 16:09:38 UTC] PHP  42. call_user_func_array:{/home/ubuntu/workspace/main/vendor/laravel/framework/src/Illuminate/Pipeline/Pipeline.php:136}() /home/ubuntu/workspace/main/vendor/laravel/framework/src/Illuminate/Pipeline/Pipeline.php:136
[20-Apr-2018 16:09:38 UTC] PHP  43. Illuminate\Foundation\Http\Middleware\VerifyCsrfToken->handle() /home/ubuntu/workspace/main/vendor/laravel/framework/src/Illuminate/Pipeline/Pipeline.php:136
[20-Apr-2018 16:09:38 UTC] PHP  44. Illuminate\Routing\Pipeline->Illuminate\Routing\{closure}() /home/ubuntu/workspace/main/vendor/laravel/framework/src/Illuminate/Foundation/Http/Middleware/VerifyCsrfToken.php:64
[20-Apr-2018 16:09:38 UTC] PHP  45. call_user_func:{/home/ubuntu/workspace/main/vendor/laravel/framework/src/Illuminate/Routing/Pipeline.php:52}() /home/ubuntu/workspace/main/vendor/laravel/framework/src/Illuminate/Routing/Pipeline.php:52
[20-Apr-2018 16:09:38 UTC] PHP  46. Illuminate\Routing\Router->Illuminate\Routing\{closure}() /home/ubuntu/workspace/main/vendor/laravel/framework/src/Illuminate/Routing/Pipeline.php:52
[20-Apr-2018 16:09:38 UTC] PHP  47. Illuminate\Routing\Route->run() /home/ubuntu/workspace/main/vendor/laravel/framework/src/Illuminate/Routing/Router.php:724
[20-Apr-2018 16:09:38 UTC] PHP  48. Illuminate\Routing\Route->runController() /home/ubuntu/workspace/main/vendor/laravel/framework/src/Illuminate/Routing/Route.php:140
[20-Apr-2018 16:09:38 UTC] PHP  49. Illuminate\Routing\ControllerDispatcher->dispatch() /home/ubuntu/workspace/main/vendor/laravel/framework/src/Illuminate/Routing/Route.php:174
[20-Apr-2018 16:09:38 UTC] PHP  50. Illuminate\Routing\ControllerDispatcher->callWithinStack() /home/ubuntu/workspace/main/vendor/laravel/framework/src/Illuminate/Routing/ControllerDispatcher.php:54
[20-Apr-2018 16:09:38 UTC] PHP  51. Illuminate\Pipeline\Pipeline->then() /home/ubuntu/workspace/main/vendor/laravel/framework/src/Illuminate/Routing/ControllerDispatcher.php:96
[20-Apr-2018 16:09:38 UTC] PHP  52. call_user_func:{/home/ubuntu/workspace/main/vendor/laravel/framework/src/Illuminate/Pipeline/Pipeline.php:103}() /home/ubuntu/workspace/main/vendor/laravel/framework/src/Illuminate/Pipeline/Pipeline.php:103
[20-Apr-2018 16:09:38 UTC] PHP  53. Illuminate\Routing\Pipeline->Illuminate\Routing\{closure}() /home/ubuntu/workspace/main/vendor/laravel/framework/src/Illuminate/Pipeline/Pipeline.php:103
[20-Apr-2018 16:09:38 UTC] PHP  54. call_user_func:{/home/ubuntu/workspace/main/vendor/laravel/framework/src/Illuminate/Routing/Pipeline.php:32}() /home/ubuntu/workspace/main/vendor/laravel/framework/src/Illuminate/Routing/Pipeline.php:32
[20-Apr-2018 16:09:38 UTC] PHP  55. Illuminate\Pipeline\Pipeline->Illuminate\Pipeline\{closure}() /home/ubuntu/workspace/main/vendor/laravel/framework/src/Illuminate/Routing/Pipeline.php:32
[20-Apr-2018 16:09:38 UTC] PHP  56. call_user_func_array:{/home/ubuntu/workspace/main/vendor/laravel/framework/src/Illuminate/Pipeline/Pipeline.php:136}() /home/ubuntu/workspace/main/vendor/laravel/framework/src/Illuminate/Pipeline/Pipeline.php:136
[20-Apr-2018 16:09:38 UTC] PHP  57. App\Http\Middleware\Authenticate->handle() /home/ubuntu/workspace/main/vendor/laravel/framework/src/Illuminate/Pipeline/Pipeline.php:136
[20-Apr-2018 16:09:38 UTC] PHP  58. Illuminate\Routing\Pipeline->Illuminate\Routing\{closure}() /home/ubuntu/workspace/main/app/Http/Middleware/Authenticate.php:28
[20-Apr-2018 16:09:38 UTC] PHP  59. call_user_func:{/home/ubuntu/workspace/main/vendor/laravel/framework/src/Illuminate/Routing/Pipeline.php:52}() /home/ubuntu/workspace/main/vendor/laravel/framework/src/Illuminate/Routing/Pipeline.php:52
[20-Apr-2018 16:09:38 UTC] PHP  60. Illuminate\Routing\ControllerDispatcher->Illuminate\Routing\{closure}() /home/ubuntu/workspace/main/vendor/laravel/framework/src/Illuminate/Routing/Pipeline.php:52
[20-Apr-2018 16:09:38 UTC] PHP  61. Illuminate\Routing\Router->prepareResponse() /home/ubuntu/workspace/main/vendor/laravel/framework/src/Illuminate/Routing/ControllerDispatcher.php:95
[20-Apr-2018 16:09:38 UTC] PHP  62. Symfony\Component\HttpFoundation\Response->__construct() /home/ubuntu/workspace/main/vendor/laravel/framework/src/Illuminate/Routing/Router.php:1085
[20-Apr-2018 16:09:38 UTC] PHP  63. Illuminate\Http\Response->setContent() /home/ubuntu/workspace/main/vendor/symfony/http-foundation/Response.php:201
[20-Apr-2018 16:09:38 UTC] PHP  64. Illuminate\View\View->render() /home/ubuntu/workspace/main/vendor/laravel/framework/src/Illuminate/Http/Response.php:53
[20-Apr-2018 16:09:38 UTC] PHP  65. Illuminate\View\View->renderContents() /home/ubuntu/workspace/main/vendor/laravel/framework/src/Illuminate/View/View.php:85
[20-Apr-2018 16:09:38 UTC] PHP  66. Illuminate\View\View->getContents() /home/ubuntu/workspace/main/vendor/laravel/framework/src/Illuminate/View/View.php:120
[20-Apr-2018 16:09:38 UTC] PHP  67. Illuminate\View\Engines\CompilerEngine->get() /home/ubuntu/workspace/main/vendor/laravel/framework/src/Illuminate/View/View.php:149
[20-Apr-2018 16:09:38 UTC] PHP  68. Illuminate\View\Engines\PhpEngine->evaluatePath() /home/ubuntu/workspace/main/vendor/laravel/framework/src/Illuminate/View/Engines/CompilerEngine.php:59
[23-Apr-2018 17:59:03 UTC] PHP Parse error:  syntax error, unexpected '<', expecting ')' in /home/ubuntu/workspace/main/storage/framework/views/90f7956884e8bc27306df2f454cc8097d1c67946.php on line 18
[23-Apr-2018 17:59:03 UTC] PHP Stack trace:
[23-Apr-2018 17:59:03 UTC] PHP   1. {main}() /home/ubuntu/workspace/main/public/index.php:0
[23-Apr-2018 17:59:03 UTC] PHP   2. Illuminate\Foundation\Http\Kernel->handle() /home/ubuntu/workspace/main/public/index.php:54
[23-Apr-2018 17:59:03 UTC] PHP   3. Illuminate\Foundation\Http\Kernel->sendRequestThroughRouter() /home/ubuntu/workspace/main/vendor/laravel/framework/src/Illuminate/Foundation/Http/Kernel.php:99
[23-Apr-2018 17:59:03 UTC] PHP   4. Illuminate\Pipeline\Pipeline->then() /home/ubuntu/workspace/main/vendor/laravel/framework/src/Illuminate/Foundation/Http/Kernel.php:132
[23-Apr-2018 17:59:03 UTC] PHP   5. call_user_func:{/home/ubuntu/workspace/main/vendor/laravel/framework/src/Illuminate/Pipeline/Pipeline.php:103}() /home/ubuntu/workspace/main/vendor/laravel/framework/src/Illuminate/Pipeline/Pipeline.php:103
[23-Apr-2018 17:59:03 UTC] PHP   6. Illuminate\Routing\Pipeline->Illuminate\Routing\{closure}() /home/ubuntu/workspace/main/vendor/laravel/framework/src/Illuminate/Pipeline/Pipeline.php:103
[23-Apr-2018 17:59:03 UTC] PHP   7. call_user_func:{/home/ubuntu/workspace/main/vendor/laravel/framework/src/Illuminate/Routing/Pipeline.php:32}() /home/ubuntu/workspace/main/vendor/laravel/framework/src/Illuminate/Routing/Pipeline.php:32
[23-Apr-2018 17:59:03 UTC] PHP   8. Illuminate\Pipeline\Pipeline->Illuminate\Pipeline\{closure}() /home/ubuntu/workspace/main/vendor/laravel/framework/src/Illuminate/Routing/Pipeline.php:32
[23-Apr-2018 17:59:03 UTC] PHP   9. call_user_func_array:{/home/ubuntu/workspace/main/vendor/laravel/framework/src/Illuminate/Pipeline/Pipeline.php:136}() /home/ubuntu/workspace/main/vendor/laravel/framework/src/Illuminate/Pipeline/Pipeline.php:136
[23-Apr-2018 17:59:03 UTC] PHP  10. Illuminate\Foundation\Http\Middleware\CheckForMaintenanceMode->handle() /home/ubuntu/workspace/main/vendor/laravel/framework/src/Illuminate/Pipeline/Pipeline.php:136
[23-Apr-2018 17:59:03 UTC] PHP  11. Illuminate\Routing\Pipeline->Illuminate\Routing\{closure}() /home/ubuntu/workspace/main/vendor/laravel/framework/src/Illuminate/Foundation/Http/Middleware/CheckForMaintenanceMode.php:44
[23-Apr-2018 17:59:03 UTC] PHP  12. call_user_func:{/home/ubuntu/workspace/main/vendor/laravel/framework/src/Illuminate/Routing/Pipeline.php:52}() /home/ubuntu/workspace/main/vendor/laravel/framework/src/Illuminate/Routing/Pipeline.php:52
[23-Apr-2018 17:59:03 UTC] PHP  13. Illuminate\Foundation\Http\Kernel->Illuminate\Foundation\Http\{closure}() /home/ubuntu/workspace/main/vendor/laravel/framework/src/Illuminate/Routing/Pipeline.php:52
[23-Apr-2018 17:59:03 UTC] PHP  14. Illuminate\Routing\Router->dispatch() /home/ubuntu/workspace/main/vendor/laravel/framework/src/Illuminate/Foundation/Http/Kernel.php:246
[23-Apr-2018 17:59:03 UTC] PHP  15. Illuminate\Routing\Router->dispatchToRoute() /home/ubuntu/workspace/main/vendor/laravel/framework/src/Illuminate/Routing/Router.php:675
[23-Apr-2018 17:59:03 UTC] PHP  16. Illuminate\Routing\Router->runRouteWithinStack() /home/ubuntu/workspace/main/vendor/laravel/framework/src/Illuminate/Routing/Router.php:699
[23-Apr-2018 17:59:03 UTC] PHP  17. Illuminate\Pipeline\Pipeline->then() /home/ubuntu/workspace/main/vendor/laravel/framework/src/Illuminate/Routing/Router.php:726
[23-Apr-2018 17:59:03 UTC] PHP  18. call_user_func:{/home/ubuntu/workspace/main/vendor/laravel/framework/src/Illuminate/Pipeline/Pipeline.php:103}() /home/ubuntu/workspace/main/vendor/laravel/framework/src/Illuminate/Pipeline/Pipeline.php:103
[23-Apr-2018 17:59:03 UTC] PHP  19. Illuminate\Routing\Pipeline->Illuminate\Routing\{closure}() /home/ubuntu/workspace/main/vendor/laravel/framework/src/Illuminate/Pipeline/Pipeline.php:103
[23-Apr-2018 17:59:03 UTC] PHP  20. call_user_func:{/home/ubuntu/workspace/main/vendor/laravel/framework/src/Illuminate/Routing/Pipeline.php:32}() /home/ubuntu/workspace/main/vendor/laravel/framework/src/Illuminate/Routing/Pipeline.php:32
[23-Apr-2018 17:59:03 UTC] PHP  21. Illuminate\Pipeline\Pipeline->Illuminate\Pipeline\{closure}() /home/ubuntu/workspace/main/vendor/laravel/framework/src/Illuminate/Routing/Pipeline.php:32
[23-Apr-2018 17:59:03 UTC] PHP  22. call_user_func_array:{/home/ubuntu/workspace/main/vendor/laravel/framework/src/Illuminate/Pipeline/Pipeline.php:136}() /home/ubuntu/workspace/main/vendor/laravel/framework/src/Illuminate/Pipeline/Pipeline.php:136
[23-Apr-2018 17:59:03 UTC] PHP  23. Illuminate\Cookie\Middleware\EncryptCookies->handle() /home/ubuntu/workspace/main/vendor/laravel/framework/src/Illuminate/Pipeline/Pipeline.php:136
[23-Apr-2018 17:59:03 UTC] PHP  24. Illuminate\Routing\Pipeline->Illuminate\Routing\{closure}() /home/ubuntu/workspace/main/vendor/laravel/framework/src/Illuminate/Cookie/Middleware/EncryptCookies.php:59
[23-Apr-2018 17:59:03 UTC] PHP  25. call_user_func:{/home/ubuntu/workspace/main/vendor/laravel/framework/src/Illuminate/Routing/Pipeline.php:32}() /home/ubuntu/workspace/main/vendor/laravel/framework/src/Illuminate/Routing/Pipeline.php:32
[23-Apr-2018 17:59:03 UTC] PHP  26. Illuminate\Pipeline\Pipeline->Illuminate\Pipeline\{closure}() /home/ubuntu/workspace/main/vendor/laravel/framework/src/Illuminate/Routing/Pipeline.php:32
[23-Apr-2018 17:59:03 UTC] PHP  27. call_user_func_array:{/home/ubuntu/workspace/main/vendor/laravel/framework/src/Illuminate/Pipeline/Pipeline.php:136}() /home/ubuntu/workspace/main/vendor/laravel/framework/src/Illuminate/Pipeline/Pipeline.php:136
[23-Apr-2018 17:59:03 UTC] PHP  28. Illuminate\Cookie\Middleware\AddQueuedCookiesToResponse->handle() /home/ubuntu/workspace/main/vendor/laravel/framework/src/Illuminate/Pipeline/Pipeline.php:136
[23-Apr-2018 17:59:03 UTC] PHP  29. Illuminate\Routing\Pipeline->Illuminate\Routing\{closure}() /home/ubuntu/workspace/main/vendor/laravel/framework/src/Illuminate/Cookie/Middleware/AddQueuedCookiesToResponse.php:37
[23-Apr-2018 17:59:03 UTC] PHP  30. call_user_func:{/home/ubuntu/workspace/main/vendor/laravel/framework/src/Illuminate/Routing/Pipeline.php:32}() /home/ubuntu/workspace/main/vendor/laravel/framework/src/Illuminate/Routing/Pipeline.php:32
[23-Apr-2018 17:59:03 UTC] PHP  31. Illuminate\Pipeline\Pipeline->Illuminate\Pipeline\{closure}() /home/ubuntu/workspace/main/vendor/laravel/framework/src/Illuminate/Routing/Pipeline.php:32
[23-Apr-2018 17:59:03 UTC] PHP  32. call_user_func_array:{/home/ubuntu/workspace/main/vendor/laravel/framework/src/Illuminate/Pipeline/Pipeline.php:136}() /home/ubuntu/workspace/main/vendor/laravel/framework/src/Illuminate/Pipeline/Pipeline.php:136
[23-Apr-2018 17:59:03 UTC] PHP  33. Illuminate\Session\Middleware\StartSession->handle() /home/ubuntu/workspace/main/vendor/laravel/framework/src/Illuminate/Pipeline/Pipeline.php:136
[23-Apr-2018 17:59:03 UTC] PHP  34. Illuminate\Routing\Pipeline->Illuminate\Routing\{closure}() /home/ubuntu/workspace/main/vendor/laravel/framework/src/Illuminate/Session/Middleware/StartSession.php:64
[23-Apr-2018 17:59:03 UTC] PHP  35. call_user_func:{/home/ubuntu/workspace/main/vendor/laravel/framework/src/Illuminate/Routing/Pipeline.php:32}() /home/ubuntu/workspace/main/vendor/laravel/framework/src/Illuminate/Routing/Pipeline.php:32
[23-Apr-2018 17:59:03 UTC] PHP  36. Illuminate\Pipeline\Pipeline->Illuminate\Pipeline\{closure}() /home/ubuntu/workspace/main/vendor/laravel/framework/src/Illuminate/Routing/Pipeline.php:32
[23-Apr-2018 17:59:03 UTC] PHP  37. call_user_func_array:{/home/ubuntu/workspace/main/vendor/laravel/framework/src/Illuminate/Pipeline/Pipeline.php:136}() /home/ubuntu/workspace/main/vendor/laravel/framework/src/Illuminate/Pipeline/Pipeline.php:136
[23-Apr-2018 17:59:03 UTC] PHP  38. Illuminate\View\Middleware\ShareErrorsFromSession->handle() /home/ubuntu/workspace/main/vendor/laravel/framework/src/Illuminate/Pipeline/Pipeline.php:136
[23-Apr-2018 17:59:03 UTC] PHP  39. Illuminate\Routing\Pipeline->Illuminate\Routing\{closure}() /home/ubuntu/workspace/main/vendor/laravel/framework/src/Illuminate/View/Middleware/ShareErrorsFromSession.php:49
[23-Apr-2018 17:59:03 UTC] PHP  40. call_user_func:{/home/ubuntu/workspace/main/vendor/laravel/framework/src/Illuminate/Routing/Pipeline.php:32}() /home/ubuntu/workspace/main/vendor/laravel/framework/src/Illuminate/Routing/Pipeline.php:32
[23-Apr-2018 17:59:03 UTC] PHP  41. Illuminate\Pipeline\Pipeline->Illuminate\Pipeline\{closure}() /home/ubuntu/workspace/main/vendor/laravel/framework/src/Illuminate/Routing/Pipeline.php:32
[23-Apr-2018 17:59:03 UTC] PHP  42. call_user_func_array:{/home/ubuntu/workspace/main/vendor/laravel/framework/src/Illuminate/Pipeline/Pipeline.php:136}() /home/ubuntu/workspace/main/vendor/laravel/framework/src/Illuminate/Pipeline/Pipeline.php:136
[23-Apr-2018 17:59:03 UTC] PHP  43. Illuminate\Foundation\Http\Middleware\VerifyCsrfToken->handle() /home/ubuntu/workspace/main/vendor/laravel/framework/src/Illuminate/Pipeline/Pipeline.php:136
[23-Apr-2018 17:59:03 UTC] PHP  44. Illuminate\Routing\Pipeline->Illuminate\Routing\{closure}() /home/ubuntu/workspace/main/vendor/laravel/framework/src/Illuminate/Foundation/Http/Middleware/VerifyCsrfToken.php:64
[23-Apr-2018 17:59:03 UTC] PHP  45. call_user_func:{/home/ubuntu/workspace/main/vendor/laravel/framework/src/Illuminate/Routing/Pipeline.php:52}() /home/ubuntu/workspace/main/vendor/laravel/framework/src/Illuminate/Routing/Pipeline.php:52
[23-Apr-2018 17:59:03 UTC] PHP  46. Illuminate\Routing\Router->Illuminate\Routing\{closure}() /home/ubuntu/workspace/main/vendor/laravel/framework/src/Illuminate/Routing/Pipeline.php:52
[23-Apr-2018 17:59:03 UTC] PHP  47. Illuminate\Routing\Route->run() /home/ubuntu/workspace/main/vendor/laravel/framework/src/Illuminate/Routing/Router.php:724
[23-Apr-2018 17:59:03 UTC] PHP  48. Illuminate\Routing\Route->runController() /home/ubuntu/workspace/main/vendor/laravel/framework/src/Illuminate/Routing/Route.php:140
[23-Apr-2018 17:59:03 UTC] PHP  49. Illuminate\Routing\ControllerDispatcher->dispatch() /home/ubuntu/workspace/main/vendor/laravel/framework/src/Illuminate/Routing/Route.php:174
[23-Apr-2018 17:59:03 UTC] PHP  50. Illuminate\Routing\ControllerDispatcher->callWithinStack() /home/ubuntu/workspace/main/vendor/laravel/framework/src/Illuminate/Routing/ControllerDispatcher.php:54
[23-Apr-2018 17:59:03 UTC] PHP  51. Illuminate\Pipeline\Pipeline->then() /home/ubuntu/workspace/main/vendor/laravel/framework/src/Illuminate/Routing/ControllerDispatcher.php:96
[23-Apr-2018 17:59:03 UTC] PHP  52. call_user_func:{/home/ubuntu/workspace/main/vendor/laravel/framework/src/Illuminate/Pipeline/Pipeline.php:103}() /home/ubuntu/workspace/main/vendor/laravel/framework/src/Illuminate/Pipeline/Pipeline.php:103
[23-Apr-2018 17:59:03 UTC] PHP  53. Illuminate\Routing\Pipeline->Illuminate\Routing\{closure}() /home/ubuntu/workspace/main/vendor/laravel/framework/src/Illuminate/Pipeline/Pipeline.php:103
[23-Apr-2018 17:59:03 UTC] PHP  54. call_user_func:{/home/ubuntu/workspace/main/vendor/laravel/framework/src/Illuminate/Routing/Pipeline.php:32}() /home/ubuntu/workspace/main/vendor/laravel/framework/src/Illuminate/Routing/Pipeline.php:32
[23-Apr-2018 17:59:03 UTC] PHP  55. Illuminate\Pipeline\Pipeline->Illuminate\Pipeline\{closure}() /home/ubuntu/workspace/main/vendor/laravel/framework/src/Illuminate/Routing/Pipeline.php:32
[23-Apr-2018 17:59:03 UTC] PHP  56. call_user_func_array:{/home/ubuntu/workspace/main/vendor/laravel/framework/src/Illuminate/Pipeline/Pipeline.php:136}() /home/ubuntu/workspace/main/vendor/laravel/framework/src/Illuminate/Pipeline/Pipeline.php:136
[23-Apr-2018 17:59:03 UTC] PHP  57. App\Http\Middleware\Authenticate->handle() /home/ubuntu/workspace/main/vendor/laravel/framework/src/Illuminate/Pipeline/Pipeline.php:136
[23-Apr-2018 17:59:03 UTC] PHP  58. Illuminate\Routing\Pipeline->Illuminate\Routing\{closure}() /home/ubuntu/workspace/main/app/Http/Middleware/Authenticate.php:28
[23-Apr-2018 17:59:03 UTC] PHP  59. call_user_func:{/home/ubuntu/workspace/main/vendor/laravel/framework/src/Illuminate/Routing/Pipeline.php:52}() /home/ubuntu/workspace/main/vendor/laravel/framework/src/Illuminate/Routing/Pipeline.php:52
[23-Apr-2018 17:59:03 UTC] PHP  60. Illuminate\Routing\ControllerDispatcher->Illuminate\Routing\{closure}() /home/ubuntu/workspace/main/vendor/laravel/framework/src/Illuminate/Routing/Pipeline.php:52
[23-Apr-2018 17:59:03 UTC] PHP  61. Illuminate\Routing\Router->prepareResponse() /home/ubuntu/workspace/main/vendor/laravel/framework/src/Illuminate/Routing/ControllerDispatcher.php:95
[23-Apr-2018 17:59:03 UTC] PHP  62. Symfony\Component\HttpFoundation\Response->__construct() /home/ubuntu/workspace/main/vendor/laravel/framework/src/Illuminate/Routing/Router.php:1085
[23-Apr-2018 17:59:03 UTC] PHP  63. Illuminate\Http\Response->setContent() /home/ubuntu/workspace/main/vendor/symfony/http-foundation/Response.php:201
[23-Apr-2018 17:59:03 UTC] PHP  64. Illuminate\View\View->render() /home/ubuntu/workspace/main/vendor/laravel/framework/src/Illuminate/Http/Response.php:53
[23-Apr-2018 17:59:03 UTC] PHP  65. Illuminate\View\View->renderContents() /home/ubuntu/workspace/main/vendor/laravel/framework/src/Illuminate/View/View.php:85
[23-Apr-2018 17:59:03 UTC] PHP  66. Illuminate\View\View->getContents() /home/ubuntu/workspace/main/vendor/laravel/framework/src/Illuminate/View/View.php:120
[23-Apr-2018 17:59:03 UTC] PHP  67. Illuminate\View\Engines\CompilerEngine->get() /home/ubuntu/workspace/main/vendor/laravel/framework/src/Illuminate/View/View.php:149
[23-Apr-2018 17:59:03 UTC] PHP  68. Illuminate\View\Engines\PhpEngine->evaluatePath() /home/ubuntu/workspace/main/vendor/laravel/framework/src/Illuminate/View/Engines/CompilerEngine.php:59
[25-Apr-2018 05:06:52 UTC] PHP Fatal error:  Class 'App\Assignment' not found in /home/ubuntu/workspace/main/app/Http/Controllers/HomeController.php on line 38
[25-Apr-2018 05:06:52 UTC] PHP Stack trace:
[25-Apr-2018 05:06:52 UTC] PHP   1. {main}() /home/ubuntu/workspace/main/public/index.php:0
[25-Apr-2018 05:06:52 UTC] PHP   2. Illuminate\Foundation\Http\Kernel->handle() /home/ubuntu/workspace/main/public/index.php:54
[25-Apr-2018 05:06:52 UTC] PHP   3. Illuminate\Foundation\Http\Kernel->sendRequestThroughRouter() /home/ubuntu/workspace/main/vendor/laravel/framework/src/Illuminate/Foundation/Http/Kernel.php:99
[25-Apr-2018 05:06:52 UTC] PHP   4. Illuminate\Pipeline\Pipeline->then() /home/ubuntu/workspace/main/vendor/laravel/framework/src/Illuminate/Foundation/Http/Kernel.php:132
[25-Apr-2018 05:06:52 UTC] PHP   5. call_user_func:{/home/ubuntu/workspace/main/vendor/laravel/framework/src/Illuminate/Pipeline/Pipeline.php:103}() /home/ubuntu/workspace/main/vendor/laravel/framework/src/Illuminate/Pipeline/Pipeline.php:103
[25-Apr-2018 05:06:52 UTC] PHP   6. Illuminate\Routing\Pipeline->Illuminate\Routing\{closure}() /home/ubuntu/workspace/main/vendor/laravel/framework/src/Illuminate/Pipeline/Pipeline.php:103
[25-Apr-2018 05:06:52 UTC] PHP   7. call_user_func:{/home/ubuntu/workspace/main/vendor/laravel/framework/src/Illuminate/Routing/Pipeline.php:32}() /home/ubuntu/workspace/main/vendor/laravel/framework/src/Illuminate/Routing/Pipeline.php:32
[25-Apr-2018 05:06:52 UTC] PHP   8. Illuminate\Pipeline\Pipeline->Illuminate\Pipeline\{closure}() /home/ubuntu/workspace/main/vendor/laravel/framework/src/Illuminate/Routing/Pipeline.php:32
[25-Apr-2018 05:06:52 UTC] PHP   9. call_user_func_array:{/home/ubuntu/workspace/main/vendor/laravel/framework/src/Illuminate/Pipeline/Pipeline.php:136}() /home/ubuntu/workspace/main/vendor/laravel/framework/src/Illuminate/Pipeline/Pipeline.php:136
[25-Apr-2018 05:06:52 UTC] PHP  10. Illuminate\Foundation\Http\Middleware\CheckForMaintenanceMode->handle() /home/ubuntu/workspace/main/vendor/laravel/framework/src/Illuminate/Pipeline/Pipeline.php:136
[25-Apr-2018 05:06:52 UTC] PHP  11. Illuminate\Routing\Pipeline->Illuminate\Routing\{closure}() /home/ubuntu/workspace/main/vendor/laravel/framework/src/Illuminate/Foundation/Http/Middleware/CheckForMaintenanceMode.php:44
[25-Apr-2018 05:06:52 UTC] PHP  12. call_user_func:{/home/ubuntu/workspace/main/vendor/laravel/framework/src/Illuminate/Routing/Pipeline.php:52}() /home/ubuntu/workspace/main/vendor/laravel/framework/src/Illuminate/Routing/Pipeline.php:52
[25-Apr-2018 05:06:52 UTC] PHP  13. Illuminate\Foundation\Http\Kernel->Illuminate\Foundation\Http\{closure}() /home/ubuntu/workspace/main/vendor/laravel/framework/src/Illuminate/Routing/Pipeline.php:52
[25-Apr-2018 05:06:52 UTC] PHP  14. Illuminate\Routing\Router->dispatch() /home/ubuntu/workspace/main/vendor/laravel/framework/src/Illuminate/Foundation/Http/Kernel.php:246
[25-Apr-2018 05:06:52 UTC] PHP  15. Illuminate\Routing\Router->dispatchToRoute() /home/ubuntu/workspace/main/vendor/laravel/framework/src/Illuminate/Routing/Router.php:675
[25-Apr-2018 05:06:52 UTC] PHP  16. Illuminate\Routing\Router->runRouteWithinStack() /home/ubuntu/workspace/main/vendor/laravel/framework/src/Illuminate/Routing/Router.php:699
[25-Apr-2018 05:06:52 UTC] PHP  17. Illuminate\Pipeline\Pipeline->then() /home/ubuntu/workspace/main/vendor/laravel/framework/src/Illuminate/Routing/Router.php:726
[25-Apr-2018 05:06:52 UTC] PHP  18. call_user_func:{/home/ubuntu/workspace/main/vendor/laravel/framework/src/Illuminate/Pipeline/Pipeline.php:103}() /home/ubuntu/workspace/main/vendor/laravel/framework/src/Illuminate/Pipeline/Pipeline.php:103
[25-Apr-2018 05:06:52 UTC] PHP  19. Illuminate\Routing\Pipeline->Illuminate\Routing\{closure}() /home/ubuntu/workspace/main/vendor/laravel/framework/src/Illuminate/Pipeline/Pipeline.php:103
[25-Apr-2018 05:06:52 UTC] PHP  20. call_user_func:{/home/ubuntu/workspace/main/vendor/laravel/framework/src/Illuminate/Routing/Pipeline.php:32}() /home/ubuntu/workspace/main/vendor/laravel/framework/src/Illuminate/Routing/Pipeline.php:32
[25-Apr-2018 05:06:52 UTC] PHP  21. Illuminate\Pipeline\Pipeline->Illuminate\Pipeline\{closure}() /home/ubuntu/workspace/main/vendor/laravel/framework/src/Illuminate/Routing/Pipeline.php:32
[25-Apr-2018 05:06:52 UTC] PHP  22. call_user_func_array:{/home/ubuntu/workspace/main/vendor/laravel/framework/src/Illuminate/Pipeline/Pipeline.php:136}() /home/ubuntu/workspace/main/vendor/laravel/framework/src/Illuminate/Pipeline/Pipeline.php:136
[25-Apr-2018 05:06:52 UTC] PHP  23. Illuminate\Cookie\Middleware\EncryptCookies->handle() /home/ubuntu/workspace/main/vendor/laravel/framework/src/Illuminate/Pipeline/Pipeline.php:136
[25-Apr-2018 05:06:52 UTC] PHP  24. Illuminate\Routing\Pipeline->Illuminate\Routing\{closure}() /home/ubuntu/workspace/main/vendor/laravel/framework/src/Illuminate/Cookie/Middleware/EncryptCookies.php:59
[25-Apr-2018 05:06:52 UTC] PHP  25. call_user_func:{/home/ubuntu/workspace/main/vendor/laravel/framework/src/Illuminate/Routing/Pipeline.php:32}() /home/ubuntu/workspace/main/vendor/laravel/framework/src/Illuminate/Routing/Pipeline.php:32
[25-Apr-2018 05:06:52 UTC] PHP  26. Illuminate\Pipeline\Pipeline->Illuminate\Pipeline\{closure}() /home/ubuntu/workspace/main/vendor/laravel/framework/src/Illuminate/Routing/Pipeline.php:32
[25-Apr-2018 05:06:52 UTC] PHP  27. call_user_func_array:{/home/ubuntu/workspace/main/vendor/laravel/framework/src/Illuminate/Pipeline/Pipeline.php:136}() /home/ubuntu/workspace/main/vendor/laravel/framework/src/Illuminate/Pipeline/Pipeline.php:136
[25-Apr-2018 05:06:52 UTC] PHP  28. Illuminate\Cookie\Middleware\AddQueuedCookiesToResponse->handle() /home/ubuntu/workspace/main/vendor/laravel/framework/src/Illuminate/Pipeline/Pipeline.php:136
[25-Apr-2018 05:06:52 UTC] PHP  29. Illuminate\Routing\Pipeline->Illuminate\Routing\{closure}() /home/ubuntu/workspace/main/vendor/laravel/framework/src/Illuminate/Cookie/Middleware/AddQueuedCookiesToResponse.php:37
[25-Apr-2018 05:06:52 UTC] PHP  30. call_user_func:{/home/ubuntu/workspace/main/vendor/laravel/framework/src/Illuminate/Routing/Pipeline.php:32}() /home/ubuntu/workspace/main/vendor/laravel/framework/src/Illuminate/Routing/Pipeline.php:32
[25-Apr-2018 05:06:52 UTC] PHP  31. Illuminate\Pipeline\Pipeline->Illuminate\Pipeline\{closure}() /home/ubuntu/workspace/main/vendor/laravel/framework/src/Illuminate/Routing/Pipeline.php:32
[25-Apr-2018 05:06:52 UTC] PHP  32. call_user_func_array:{/home/ubuntu/workspace/main/vendor/laravel/framework/src/Illuminate/Pipeline/Pipeline.php:136}() /home/ubuntu/workspace/main/vendor/laravel/framework/src/Illuminate/Pipeline/Pipeline.php:136
[25-Apr-2018 05:06:52 UTC] PHP  33. Illuminate\Session\Middleware\StartSession->handle() /home/ubuntu/workspace/main/vendor/laravel/framework/src/Illuminate/Pipeline/Pipeline.php:136
[25-Apr-2018 05:06:52 UTC] PHP  34. Illuminate\Routing\Pipeline->Illuminate\Routing\{closure}() /home/ubuntu/workspace/main/vendor/laravel/framework/src/Illuminate/Session/Middleware/StartSession.php:64
[25-Apr-2018 05:06:52 UTC] PHP  35. call_user_func:{/home/ubuntu/workspace/main/vendor/laravel/framework/src/Illuminate/Routing/Pipeline.php:32}() /home/ubuntu/workspace/main/vendor/laravel/framework/src/Illuminate/Routing/Pipeline.php:32
[25-Apr-2018 05:06:52 UTC] PHP  36. Illuminate\Pipeline\Pipeline->Illuminate\Pipeline\{closure}() /home/ubuntu/workspace/main/vendor/laravel/framework/src/Illuminate/Routing/Pipeline.php:32
[25-Apr-2018 05:06:52 UTC] PHP  37. call_user_func_array:{/home/ubuntu/workspace/main/vendor/laravel/framework/src/Illuminate/Pipeline/Pipeline.php:136}() /home/ubuntu/workspace/main/vendor/laravel/framework/src/Illuminate/Pipeline/Pipeline.php:136
[25-Apr-2018 05:06:52 UTC] PHP  38. Illuminate\View\Middleware\ShareErrorsFromSession->handle() /home/ubuntu/workspace/main/vendor/laravel/framework/src/Illuminate/Pipeline/Pipeline.php:136
[25-Apr-2018 05:06:52 UTC] PHP  39. Illuminate\Routing\Pipeline->Illuminate\Routing\{closure}() /home/ubuntu/workspace/main/vendor/laravel/framework/src/Illuminate/View/Middleware/ShareErrorsFromSession.php:49
[25-Apr-2018 05:06:52 UTC] PHP  40. call_user_func:{/home/ubuntu/workspace/main/vendor/laravel/framework/src/Illuminate/Routing/Pipeline.php:32}() /home/ubuntu/workspace/main/vendor/laravel/framework/src/Illuminate/Routing/Pipeline.php:32
[25-Apr-2018 05:06:52 UTC] PHP  41. Illuminate\Pipeline\Pipeline->Illuminate\Pipeline\{closure}() /home/ubuntu/workspace/main/vendor/laravel/framework/src/Illuminate/Routing/Pipeline.php:32
[25-Apr-2018 05:06:52 UTC] PHP  42. call_user_func_array:{/home/ubuntu/workspace/main/vendor/laravel/framework/src/Illuminate/Pipeline/Pipeline.php:136}() /home/ubuntu/workspace/main/vendor/laravel/framework/src/Illuminate/Pipeline/Pipeline.php:136
[25-Apr-2018 05:06:52 UTC] PHP  43. Illuminate\Foundation\Http\Middleware\VerifyCsrfToken->handle() /home/ubuntu/workspace/main/vendor/laravel/framework/src/Illuminate/Pipeline/Pipeline.php:136
[25-Apr-2018 05:06:52 UTC] PHP  44. Illuminate\Routing\Pipeline->Illuminate\Routing\{closure}() /home/ubuntu/workspace/main/vendor/laravel/framework/src/Illuminate/Foundation/Http/Middleware/VerifyCsrfToken.php:64
[25-Apr-2018 05:06:52 UTC] PHP  45. call_user_func:{/home/ubuntu/workspace/main/vendor/laravel/framework/src/Illuminate/Routing/Pipeline.php:52}() /home/ubuntu/workspace/main/vendor/laravel/framework/src/Illuminate/Routing/Pipeline.php:52
[25-Apr-2018 05:06:52 UTC] PHP  46. Illuminate\Routing\Router->Illuminate\Routing\{closure}() /home/ubuntu/workspace/main/vendor/laravel/framework/src/Illuminate/Routing/Pipeline.php:52
[25-Apr-2018 05:06:52 UTC] PHP  47. Illuminate\Routing\Route->run() /home/ubuntu/workspace/main/vendor/laravel/framework/src/Illuminate/Routing/Router.php:724
[25-Apr-2018 05:06:52 UTC] PHP  48. Illuminate\Routing\Route->runController() /home/ubuntu/workspace/main/vendor/laravel/framework/src/Illuminate/Routing/Route.php:140
[25-Apr-2018 05:06:52 UTC] PHP  49. Illuminate\Routing\ControllerDispatcher->dispatch() /home/ubuntu/workspace/main/vendor/laravel/framework/src/Illuminate/Routing/Route.php:174
[25-Apr-2018 05:06:52 UTC] PHP  50. Illuminate\Routing\ControllerDispatcher->callWithinStack() /home/ubuntu/workspace/main/vendor/laravel/framework/src/Illuminate/Routing/ControllerDispatcher.php:54
[25-Apr-2018 05:06:52 UTC] PHP  51. Illuminate\Pipeline\Pipeline->then() /home/ubuntu/workspace/main/vendor/laravel/framework/src/Illuminate/Routing/ControllerDispatcher.php:96
[25-Apr-2018 05:06:52 UTC] PHP  52. call_user_func:{/home/ubuntu/workspace/main/vendor/laravel/framework/src/Illuminate/Pipeline/Pipeline.php:103}() /home/ubuntu/workspace/main/vendor/laravel/framework/src/Illuminate/Pipeline/Pipeline.php:103
[25-Apr-2018 05:06:52 UTC] PHP  53. Illuminate\Routing\Pipeline->Illuminate\Routing\{closure}() /home/ubuntu/workspace/main/vendor/laravel/framework/src/Illuminate/Pipeline/Pipeline.php:103
[25-Apr-2018 05:06:52 UTC] PHP  54. call_user_func:{/home/ubuntu/workspace/main/vendor/laravel/framework/src/Illuminate/Routing/Pipeline.php:32}() /home/ubuntu/workspace/main/vendor/laravel/framework/src/Illuminate/Routing/Pipeline.php:32
[25-Apr-2018 05:06:52 UTC] PHP  55. Illuminate\Pipeline\Pipeline->Illuminate\Pipeline\{closure}() /home/ubuntu/workspace/main/vendor/laravel/framework/src/Illuminate/Routing/Pipeline.php:32
[25-Apr-2018 05:06:52 UTC] PHP  56. call_user_func_array:{/home/ubuntu/workspace/main/vendor/laravel/framework/src/Illuminate/Pipeline/Pipeline.php:136}() /home/ubuntu/workspace/main/vendor/laravel/framework/src/Illuminate/Pipeline/Pipeline.php:136
[25-Apr-2018 05:06:52 UTC] PHP  57. App\Http\Middleware\Authenticate->handle() /home/ubuntu/workspace/main/vendor/laravel/framework/src/Illuminate/Pipeline/Pipeline.php:136
[25-Apr-2018 05:06:52 UTC] PHP  58. Illuminate\Routing\Pipeline->Illuminate\Routing\{closure}() /home/ubuntu/workspace/main/app/Http/Middleware/Authenticate.php:28
[25-Apr-2018 05:06:52 UTC] PHP  59. call_user_func:{/home/ubuntu/workspace/main/vendor/laravel/framework/src/Illuminate/Routing/Pipeline.php:52}() /home/ubuntu/workspace/main/vendor/laravel/framework/src/Illuminate/Routing/Pipeline.php:52
[25-Apr-2018 05:06:52 UTC] PHP  60. Illuminate\Routing\ControllerDispatcher->Illuminate\Routing\{closure}() /home/ubuntu/workspace/main/vendor/laravel/framework/src/Illuminate/Routing/Pipeline.php:52
[25-Apr-2018 05:06:52 UTC] PHP  61. Illuminate\Routing\ControllerDispatcher->call() /home/ubuntu/workspace/main/vendor/laravel/framework/src/Illuminate/Routing/ControllerDispatcher.php:94
[25-Apr-2018 05:06:52 UTC] PHP  62. Illuminate\Routing\Controller->callAction() /home/ubuntu/workspace/main/vendor/laravel/framework/src/Illuminate/Routing/ControllerDispatcher.php:146
[25-Apr-2018 05:06:52 UTC] PHP  63. call_user_func_array:{/home/ubuntu/workspace/main/vendor/laravel/framework/src/Illuminate/Routing/Controller.php:80}() /home/ubuntu/workspace/main/vendor/laravel/framework/src/Illuminate/Routing/Controller.php:80
[25-Apr-2018 05:06:52 UTC] PHP  64. App\Http\Controllers\HomeController->asig() /home/ubuntu/workspace/main/vendor/laravel/framework/src/Illuminate/Routing/Controller.php:80
